05-May-2025 20:40:14.613 INFO [main] org.apache.catalina.startup.VersionLoggerListener.log Server version name:   Apache Tomcat/9.0.104
05-May-2025 20:40:14.653 INFO [main] org.apache.catalina.startup.VersionLoggerListener.log Server built:          Apr 4 2025 12:32:55 UTC
05-May-2025 20:40:14.654 INFO [main] org.apache.catalina.startup.VersionLoggerListener.log Server version number: 9.0.104.0
05-May-2025 20:40:14.654 INFO [main] org.apache.catalina.startup.VersionLoggerListener.log OS Name:               Linux
05-May-2025 20:40:14.655 INFO [main] org.apache.catalina.startup.VersionLoggerListener.log OS Version:            6.11.0-24-generic
05-May-2025 20:40:14.655 INFO [main] org.apache.catalina.startup.VersionLoggerListener.log Architecture:          amd64
05-May-2025 20:40:14.655 INFO [main] org.apache.catalina.startup.VersionLoggerListener.log Java Home:             /usr/lib/jvm/java-21-openjdk-amd64
05-May-2025 20:40:14.655 INFO [main] org.apache.catalina.startup.VersionLoggerListener.log JVM Version:           21.0.6+7-Ubuntu-124.04.1
05-May-2025 20:40:14.656 INFO [main] org.apache.catalina.startup.VersionLoggerListener.log JVM Vendor:            Ubuntu
05-May-2025 20:40:14.656 INFO [main] org.apache.catalina.startup.VersionLoggerListener.log CATALINA_BASE:         /home/eudoxie/Documents/Esti/L3/Java entreprise/Code/Formulaire de connexion/apache
05-May-2025 20:40:14.656 INFO [main] org.apache.catalina.startup.VersionLoggerListener.log CATALINA_HOME:         /home/eudoxie/Documents/Esti/L3/Java entreprise/Code/Formulaire de connexion/apache
05-May-2025 20:40:14.753 INFO [main] org.apache.catalina.startup.VersionLoggerListener.log Command line argument: --add-opens=java.base/java.lang=ALL-UNNAMED
05-May-2025 20:40:14.754 INFO [main] org.apache.catalina.startup.VersionLoggerListener.log Command line argument: --add-opens=java.base/java.lang.invoke=ALL-UNNAMED
05-May-2025 20:40:14.755 INFO [main] org.apache.catalina.startup.VersionLoggerListener.log Command line argument: --add-opens=java.base/java.lang.reflect=ALL-UNNAMED
05-May-2025 20:40:14.755 INFO [main] org.apache.catalina.startup.VersionLoggerListener.log Command line argument: --add-opens=java.base/java.io=ALL-UNNAMED
05-May-2025 20:40:14.756 INFO [main] org.apache.catalina.startup.VersionLoggerListener.log Command line argument: --add-opens=java.base/java.util=ALL-UNNAMED
05-May-2025 20:40:14.757 INFO [main] org.apache.catalina.startup.VersionLoggerListener.log Command line argument: --add-opens=java.base/java.util.concurrent=ALL-UNNAMED
05-May-2025 20:40:14.757 INFO [main] org.apache.catalina.startup.VersionLoggerListener.log Command line argument: --add-opens=java.rmi/sun.rmi.transport=ALL-UNNAMED
05-May-2025 20:40:14.758 INFO [main] org.apache.catalina.startup.VersionLoggerListener.log Command line argument: -Djava.util.logging.config.file=/home/eudoxie/Documents/Esti/L3/Java entreprise/Code/Formulaire de connexion/apache/conf/logging.properties
05-May-2025 20:40:14.758 INFO [main] org.apache.catalina.startup.VersionLoggerListener.log Command line argument: -Djava.util.logging.manager=org.apache.juli.ClassLoaderLogManager
05-May-2025 20:40:14.759 INFO [main] org.apache.catalina.startup.VersionLoggerListener.log Command line argument: -Djdk.tls.ephemeralDHKeySize=2048
05-May-2025 20:40:14.759 INFO [main] org.apache.catalina.startup.VersionLoggerListener.log Command line argument: -Djava.protocol.handler.pkgs=org.apache.catalina.webresources
05-May-2025 20:40:14.760 INFO [main] org.apache.catalina.startup.VersionLoggerListener.log Command line argument: -Dsun.io.useCanonCaches=false
05-May-2025 20:40:14.760 INFO [main] org.apache.catalina.startup.VersionLoggerListener.log Command line argument: -Dorg.apache.catalina.security.SecurityListener.UMASK=0027
05-May-2025 20:40:14.761 INFO [main] org.apache.catalina.startup.VersionLoggerListener.log Command line argument: -Dignore.endorsed.dirs=
05-May-2025 20:40:14.761 INFO [main] org.apache.catalina.startup.VersionLoggerListener.log Command line argument: -Dcatalina.base=/home/eudoxie/Documents/Esti/L3/Java entreprise/Code/Formulaire de connexion/apache
05-May-2025 20:40:14.762 INFO [main] org.apache.catalina.startup.VersionLoggerListener.log Command line argument: -Dcatalina.home=/home/eudoxie/Documents/Esti/L3/Java entreprise/Code/Formulaire de connexion/apache
05-May-2025 20:40:14.762 INFO [main] org.apache.catalina.startup.VersionLoggerListener.log Command line argument: -Djava.io.tmpdir=/home/eudoxie/Documents/Esti/L3/Java entreprise/Code/Formulaire de connexion/apache/temp
05-May-2025 20:40:14.805 INFO [main] org.apache.catalina.core.AprLifecycleListener.lifecycleEvent The Apache Tomcat Native library which allows using OpenSSL was not found on the java.library.path: [/usr/java/packages/lib:/usr/lib/x86_64-linux-gnu/jni:/lib/x86_64-linux-gnu:/usr/lib/x86_64-linux-gnu:/usr/lib/jni:/lib:/usr/lib]
05-May-2025 20:40:16.373 INFO [main] org.apache.coyote.AbstractProtocol.init Initializing ProtocolHandler ["http-nio-8080"]
05-May-2025 20:40:16.572 INFO [main] org.apache.catalina.startup.Catalina.load Server initialization in [3760] milliseconds
05-May-2025 20:40:16.741 INFO [main] org.apache.catalina.core.StandardService.startInternal Starting service [Catalina]
05-May-2025 20:40:16.742 INFO [main] org.apache.catalina.core.StandardEngine.startInternal Starting Servlet engine: [Apache Tomcat/9.0.104]
05-May-2025 20:40:16.783 INFO [main] org.apache.catalina.startup.HostConfig.deployDirectory Deploying web application directory [/home/eudoxie/Documents/Esti/L3/Java entreprise/Code/Formulaire de connexion/apache/webapps/examples]
05-May-2025 20:40:18.629 INFO [main] org.apache.catalina.startup.HostConfig.deployDirectory Deployment of web application directory [/home/eudoxie/Documents/Esti/L3/Java entreprise/Code/Formulaire de connexion/apache/webapps/examples] has finished in [1,846] ms
05-May-2025 20:40:18.630 INFO [main] org.apache.catalina.startup.HostConfig.deployDirectory Deploying web application directory [/home/eudoxie/Documents/Esti/L3/Java entreprise/Code/Formulaire de connexion/apache/webapps/docs]
05-May-2025 20:40:18.696 INFO [main] org.apache.catalina.startup.HostConfig.deployDirectory Deployment of web application directory [/home/eudoxie/Documents/Esti/L3/Java entreprise/Code/Formulaire de connexion/apache/webapps/docs] has finished in [66] ms
05-May-2025 20:40:18.697 INFO [main] org.apache.catalina.startup.HostConfig.deployDirectory Deploying web application directory [/home/eudoxie/Documents/Esti/L3/Java entreprise/Code/Formulaire de connexion/apache/webapps/manager]
05-May-2025 20:40:18.807 INFO [main] org.apache.catalina.startup.HostConfig.deployDirectory Deployment of web application directory [/home/eudoxie/Documents/Esti/L3/Java entreprise/Code/Formulaire de connexion/apache/webapps/manager] has finished in [110] ms
05-May-2025 20:40:18.808 INFO [main] org.apache.catalina.startup.HostConfig.deployDirectory Deploying web application directory [/home/eudoxie/Documents/Esti/L3/Java entreprise/Code/Formulaire de connexion/apache/webapps/phpMyadmin]
05-May-2025 20:40:18.829 WARNING [main] org.apache.tomcat.util.descriptor.web.WebXml.setVersion Unknown version string [5.0]. Default version will be used.
05-May-2025 20:40:18.914 INFO [main] org.apache.catalina.startup.HostConfig.deployDirectory Deployment of web application directory [/home/eudoxie/Documents/Esti/L3/Java entreprise/Code/Formulaire de connexion/apache/webapps/phpMyadmin] has finished in [105] ms
05-May-2025 20:40:18.914 INFO [main] org.apache.catalina.startup.HostConfig.deployDirectory Deploying web application directory [/home/eudoxie/Documents/Esti/L3/Java entreprise/Code/Formulaire de connexion/apache/webapps/ROOT]
05-May-2025 20:40:18.975 INFO [main] org.apache.catalina.startup.HostConfig.deployDirectory Deployment of web application directory [/home/eudoxie/Documents/Esti/L3/Java entreprise/Code/Formulaire de connexion/apache/webapps/ROOT] has finished in [61] ms
05-May-2025 20:40:18.976 INFO [main] org.apache.catalina.startup.HostConfig.deployDirectory Deploying web application directory [/home/eudoxie/Documents/Esti/L3/Java entreprise/Code/Formulaire de connexion/apache/webapps/host-manager]
05-May-2025 20:40:19.032 INFO [main] org.apache.catalina.startup.HostConfig.deployDirectory Deployment of web application directory [/home/eudoxie/Documents/Esti/L3/Java entreprise/Code/Formulaire de connexion/apache/webapps/host-manager] has finished in [57] ms
05-May-2025 20:40:19.081 INFO [main] org.apache.coyote.AbstractProtocol.start Starting ProtocolHandler ["http-nio-8080"]
05-May-2025 20:40:19.177 INFO [main] org.apache.catalina.startup.Catalina.start Server startup in [2603] milliseconds
