06-May-2025 07:43:50.736 INFO [main] org.apache.catalina.core.ApplicationContext.log ContextListener: contextInitialized()
06-May-2025 07:43:50.737 INFO [main] org.apache.catalina.core.ApplicationContext.log SessionListener: contextInitialized()
06-May-2025 07:43:50.739 INFO [main] org.apache.catalina.core.ApplicationContext.log ContextListener: attributeAdded('StockTicker', 'async.Stockticker@55787112')
06-May-2025 07:43:52.262 INFO [main] org.apache.catalina.core.ApplicationContext.log SessionListener: contextDestroyed()
06-May-2025 07:43:52.262 INFO [main] org.apache.catalina.core.ApplicationContext.log ContextListener: contextDestroyed()
06-May-2025 08:14:38.233 INFO [main] org.apache.catalina.core.ApplicationContext.log ContextListener: contextInitialized()
06-May-2025 08:14:38.233 INFO [main] org.apache.catalina.core.ApplicationContext.log SessionListener: contextInitialized()
06-May-2025 08:14:38.239 INFO [main] org.apache.catalina.core.ApplicationContext.log ContextListener: attributeAdded('StockTicker', 'async.Stockticker@1992eaf4')
06-May-2025 08:14:39.698 INFO [main] org.apache.catalina.core.ApplicationContext.log SessionListener: contextDestroyed()
06-May-2025 08:14:39.698 INFO [main] org.apache.catalina.core.ApplicationContext.log ContextListener: contextDestroyed()
06-May-2025 08:21:13.780 INFO [main] org.apache.catalina.core.ApplicationContext.log ContextListener: contextInitialized()
06-May-2025 08:21:13.780 INFO [main] org.apache.catalina.core.ApplicationContext.log SessionListener: contextInitialized()
06-May-2025 08:21:13.782 INFO [main] org.apache.catalina.core.ApplicationContext.log ContextListener: attributeAdded('StockTicker', 'async.Stockticker@21005f6c')
06-May-2025 09:46:59.031 INFO [main] org.apache.catalina.core.ApplicationContext.log SessionListener: contextDestroyed()
06-May-2025 09:46:59.031 INFO [main] org.apache.catalina.core.ApplicationContext.log ContextListener: contextDestroyed()
06-May-2025 09:47:09.125 INFO [main] org.apache.catalina.core.ApplicationContext.log ContextListener: contextInitialized()
06-May-2025 09:47:09.125 INFO [main] org.apache.catalina.core.ApplicationContext.log SessionListener: contextInitialized()
06-May-2025 09:47:09.127 INFO [main] org.apache.catalina.core.ApplicationContext.log ContextListener: attributeAdded('StockTicker', 'async.Stockticker@2ed3b1f5')
06-May-2025 09:53:57.862 INFO [main] org.apache.catalina.core.ApplicationContext.log SessionListener: contextDestroyed()
06-May-2025 09:53:57.862 INFO [main] org.apache.catalina.core.ApplicationContext.log ContextListener: contextDestroyed()
06-May-2025 09:54:03.919 INFO [main] org.apache.catalina.core.ApplicationContext.log ContextListener: contextInitialized()
06-May-2025 09:54:03.919 INFO [main] org.apache.catalina.core.ApplicationContext.log SessionListener: contextInitialized()
06-May-2025 09:54:03.921 INFO [main] org.apache.catalina.core.ApplicationContext.log ContextListener: attributeAdded('StockTicker', 'async.Stockticker@2ed3b1f5')
06-May-2025 09:55:26.916 INFO [main] org.apache.catalina.core.ApplicationContext.log SessionListener: contextDestroyed()
06-May-2025 09:55:26.916 INFO [main] org.apache.catalina.core.ApplicationContext.log ContextListener: contextDestroyed()
06-May-2025 09:55:38.341 INFO [main] org.apache.catalina.core.ApplicationContext.log ContextListener: contextInitialized()
06-May-2025 09:55:38.341 INFO [main] org.apache.catalina.core.ApplicationContext.log SessionListener: contextInitialized()
06-May-2025 09:55:38.343 INFO [main] org.apache.catalina.core.ApplicationContext.log ContextListener: attributeAdded('StockTicker', 'async.Stockticker@3185fa6b')
06-May-2025 10:16:35.842 INFO [main] org.apache.catalina.core.ApplicationContext.log SessionListener: contextDestroyed()
06-May-2025 10:16:35.842 INFO [main] org.apache.catalina.core.ApplicationContext.log ContextListener: contextDestroyed()
06-May-2025 10:16:41.805 INFO [main] org.apache.catalina.core.ApplicationContext.log ContextListener: contextInitialized()
06-May-2025 10:16:41.806 INFO [main] org.apache.catalina.core.ApplicationContext.log SessionListener: contextInitialized()
06-May-2025 10:16:41.810 INFO [main] org.apache.catalina.core.ApplicationContext.log ContextListener: attributeAdded('StockTicker', 'async.Stockticker@64beebb7')
06-May-2025 13:25:42.792 INFO [main] org.apache.catalina.core.ApplicationContext.log SessionListener: contextDestroyed()
06-May-2025 13:25:42.793 INFO [main] org.apache.catalina.core.ApplicationContext.log ContextListener: contextDestroyed()
06-May-2025 13:25:51.733 INFO [main] org.apache.catalina.core.ApplicationContext.log ContextListener: contextInitialized()
06-May-2025 13:25:51.733 INFO [main] org.apache.catalina.core.ApplicationContext.log SessionListener: contextInitialized()
06-May-2025 13:25:51.735 INFO [main] org.apache.catalina.core.ApplicationContext.log ContextListener: attributeAdded('StockTicker', 'async.Stockticker@1536602f')
06-May-2025 17:02:39.016 INFO [main] org.apache.catalina.core.ApplicationContext.log SessionListener: contextDestroyed()
06-May-2025 17:02:39.017 INFO [main] org.apache.catalina.core.ApplicationContext.log ContextListener: contextDestroyed()
06-May-2025 17:02:47.502 INFO [main] org.apache.catalina.core.ApplicationContext.log ContextListener: contextInitialized()
06-May-2025 17:02:47.503 INFO [main] org.apache.catalina.core.ApplicationContext.log SessionListener: contextInitialized()
06-May-2025 17:02:47.504 INFO [main] org.apache.catalina.core.ApplicationContext.log ContextListener: attributeAdded('StockTicker', 'async.Stockticker@3efe7086')
06-May-2025 17:09:13.532 INFO [main] org.apache.catalina.core.ApplicationContext.log SessionListener: contextDestroyed()
06-May-2025 17:09:13.532 INFO [main] org.apache.catalina.core.ApplicationContext.log ContextListener: contextDestroyed()
06-May-2025 17:09:18.925 INFO [main] org.apache.catalina.core.ApplicationContext.log ContextListener: contextInitialized()
06-May-2025 17:09:18.925 INFO [main] org.apache.catalina.core.ApplicationContext.log SessionListener: contextInitialized()
06-May-2025 17:09:18.932 INFO [main] org.apache.catalina.core.ApplicationContext.log ContextListener: attributeAdded('StockTicker', 'async.Stockticker@741b3bc3')
06-May-2025 23:29:14.297 INFO [Thread-1] org.apache.catalina.core.ApplicationContext.log SessionListener: contextDestroyed()
06-May-2025 23:29:14.297 INFO [Thread-1] org.apache.catalina.core.ApplicationContext.log ContextListener: contextDestroyed()
